0 info it worked if it ends with ok
1 verbose cli [ 'c:\\Program Files\\nodejs\\node.exe',
1 verbose cli   'c:\\Program Files\\nodejs\\node_modules\\npm\\bin\\npm-cli.js',
1 verbose cli   'publish' ]
2 info using npm@2.11.3
3 info using node@v0.12.7
4 verbose publish [ '.' ]
5 silly cache add args [ '.', null ]
6 verbose cache add spec .
7 silly cache add parsed spec { raw: '.',
7 silly cache add   scope: null,
7 silly cache add   name: null,
7 silly cache add   rawSpec: '.',
7 silly cache add   spec: 'e:\\wodezhandian\\nodejs\\quick\\packge',
7 silly cache add   type: 'directory' }
8 verbose addLocalDirectory C:\Users\qiansimin\AppData\Roaming\npm-cache\packge\1.0.0\package.tgz not in flight; packing
9 verbose tar pack [ 'C:\\Users\\qiansimin\\AppData\\Roaming\\npm-cache\\packge\\1.0.0\\package.tgz',
9 verbose tar pack   'e:\\wodezhandian\\nodejs\\quick\\packge' ]
10 verbose tarball C:\Users\qiansimin\AppData\Roaming\npm-cache\packge\1.0.0\package.tgz
11 verbose folder e:\wodezhandian\nodejs\quick\packge
12 info prepublish packge@1.0.0
13 verbose addLocalTarball adding from inside cache C:\Users\qiansimin\AppData\Roaming\npm-cache\packge\1.0.0\package.tgz
14 silly cache afterAdd packge@1.0.0
15 verbose afterAdd C:\Users\qiansimin\AppData\Roaming\npm-cache\packge\1.0.0\package\package.json not in flight; writing
16 verbose afterAdd C:\Users\qiansimin\AppData\Roaming\npm-cache\packge\1.0.0\package\package.json written
17 silly publish { name: 'packge',
17 silly publish   version: '1.0.0',
17 silly publish   description: 'this is a test',
17 silly publish   main: './lib/index.js',
17 silly publish   directories: { doc: 'doc', test: 'test' },
17 silly publish   scripts: { test: 'echo "Error: no test specified" && exit 1' },
17 silly publish   keywords: [ 'test' ],
17 silly publish   author: { name: 'QSM' },
17 silly publish   license: 'ISC',
17 silly publish   readme: 'ERROR: No README data found!',
17 silly publish   _id: 'packge@1.0.0',
17 silly publish   _shasum: '6c6447b35b0ae31befe4aa6352cc0795cab61543',
17 silly publish   _from: '.' }
18 verbose getPublishConfig undefined
19 silly mapToRegistry name packge
20 silly mapToRegistry using default registry
21 silly mapToRegistry registry https://registry.npmjs.org/
22 silly mapToRegistry uri https://registry.npmjs.org/packge
23 verbose publish registryBase https://registry.npmjs.org/
24 silly publish uploading C:\Users\qiansimin\AppData\Roaming\npm-cache\packge\1.0.0\package.tgz
25 verbose stack Error: auth required for publishing
25 verbose stack     at CachingRegistryClient.publish (c:\Program Files\nodejs\node_modules\npm\node_modules\npm-registry-client\lib\publish.js:30:14)
25 verbose stack     at c:\Program Files\nodejs\node_modules\npm\lib\publish.js:134:14
25 verbose stack     at mapToRegistry (c:\Program Files\nodejs\node_modules\npm\lib\utils\map-to-registry.js:55:3)
25 verbose stack     at publish_ (c:\Program Files\nodejs\node_modules\npm\lib\publish.js:104:3)
25 verbose stack     at Array.<anonymous> (c:\Program Files\nodejs\node_modules\npm\node_modules\slide\lib\bind-actor.js:15:8)
25 verbose stack     at LOOP (c:\Program Files\nodejs\node_modules\npm\node_modules\slide\lib\chain.js:15:14)
25 verbose stack     at LOOP (c:\Program Files\nodejs\node_modules\npm\node_modules\slide\lib\chain.js:14:28)
25 verbose stack     at chain (c:\Program Files\nodejs\node_modules\npm\node_modules\slide\lib\chain.js:20:5)
25 verbose stack     at c:\Program Files\nodejs\node_modules\npm\lib\publish.js:73:5
25 verbose stack     at RES (c:\Program Files\nodejs\node_modules\npm\node_modules\inflight\inflight.js:23:14)
26 verbose cwd e:\wodezhandian\nodejs\quick\packge
27 error Windows_NT 6.3.9600
28 error argv "c:\\Program Files\\nodejs\\node.exe" "c:\\Program Files\\nodejs\\node_modules\\npm\\bin\\npm-cli.js" "publish"
29 error node v0.12.7
30 error npm  v2.11.3
31 error code ENEEDAUTH
32 error need auth auth required for publishing
32 error need auth You need to authorize this machine using `npm adduser`
33 verbose exit [ 1, true ]
