0 info it worked if it ends with ok
1 verbose cli [ 'd:\\Program Files\\nodejs\\node.exe',
1 verbose cli   'd:\\Program Files\\nodejs\\node_modules\\npm\\bin\\npm-cli.js',
1 verbose cli   'install',
1 verbose cli   'cookieUtils' ]
2 info using npm@2.11.3
3 info using node@v0.12.7
4 verbose install initial load of E:\wodezhandian\package.json
5 verbose installManyTop reading scoped package data from E:\wodezhandian\node_modules\formidable\package.json
6 info package.json formidable@1.0.17 No license field.
7 verbose readDependencies loading dependencies from E:\wodezhandian\package.json
8 silly cache add args [ 'cookieUtils', null ]
9 verbose cache add spec cookieUtils
10 silly cache add parsed spec { raw: 'cookieUtils',
10 silly cache add   scope: null,
10 silly cache add   name: 'cookieUtils',
10 silly cache add   rawSpec: '',
10 silly cache add   spec: '*',
10 silly cache add   type: 'range' }
11 silly addNamed cookieUtils@*
12 verbose addNamed "*" is a valid semver range for cookieUtils
13 silly addNameRange { name: 'cookieUtils', range: '*', hasData: false }
14 silly mapToRegistry name cookieUtils
15 silly mapToRegistry using default registry
16 silly mapToRegistry registry https://registry.npmjs.org/
17 silly mapToRegistry uri https://registry.npmjs.org/cookieUtils
18 verbose addNameRange registry:https://registry.npmjs.org/cookieUtils not in flight; fetching
19 verbose request uri https://registry.npmjs.org/cookieUtils
20 verbose request no auth needed
21 info attempt registry request try #1 at 18:28:13
22 verbose request id b8030115b0a984f9
23 http request GET https://registry.npmjs.org/cookieUtils
24 http 404 https://registry.npmjs.org/cookieUtils
25 verbose headers { 'content-type': 'application/json',
25 verbose headers   'cache-control': 'max-age=0',
25 verbose headers   'content-length': '2',
25 verbose headers   'accept-ranges': 'bytes',
25 verbose headers   date: 'Sun, 10 Apr 2016 10:28:11 GMT',
25 verbose headers   via: '1.1 varnish',
25 verbose headers   age: '0',
25 verbose headers   connection: 'keep-alive',
25 verbose headers   'x-served-by': 'cache-sin6926-SIN',
25 verbose headers   'x-cache': 'MISS',
25 verbose headers   'x-cache-hits': '0',
25 verbose headers   'x-timer': 'S1460284090.641327,VS0,VE995',
25 verbose headers   vary: 'Accept-Encoding' }
26 silly get cb [ 404,
26 silly get   { 'content-type': 'application/json',
26 silly get     'cache-control': 'max-age=0',
26 silly get     'content-length': '2',
26 silly get     'accept-ranges': 'bytes',
26 silly get     date: 'Sun, 10 Apr 2016 10:28:11 GMT',
26 silly get     via: '1.1 varnish',
26 silly get     age: '0',
26 silly get     connection: 'keep-alive',
26 silly get     'x-served-by': 'cache-sin6926-SIN',
26 silly get     'x-cache': 'MISS',
26 silly get     'x-cache-hits': '0',
26 silly get     'x-timer': 'S1460284090.641327,VS0,VE995',
26 silly get     vary: 'Accept-Encoding' } ]
27 verbose stack Error: Registry returned 404 for GET on https://registry.npmjs.org/cookieUtils
27 verbose stack     at CachingRegistryClient.<anonymous> (d:\Program Files\nodejs\node_modules\npm\node_modules\npm-registry-client\lib\request.js:239:14)
27 verbose stack     at Request._callback (d:\Program Files\nodejs\node_modules\npm\node_modules\npm-registry-client\lib\request.js:170:14)
27 verbose stack     at Request.self.callback (d:\Program Files\nodejs\node_modules\npm\node_modules\request\request.js:354:22)
27 verbose stack     at Request.emit (events.js:110:17)
27 verbose stack     at Request.<anonymous> (d:\Program Files\nodejs\node_modules\npm\node_modules\request\request.js:1207:14)
27 verbose stack     at Request.emit (events.js:129:20)
27 verbose stack     at IncomingMessage.<anonymous> (d:\Program Files\nodejs\node_modules\npm\node_modules\request\request.js:1153:12)
27 verbose stack     at IncomingMessage.emit (events.js:129:20)
27 verbose stack     at _stream_readable.js:908:16
27 verbose stack     at process._tickCallback (node.js:355:11)
28 verbose statusCode 404
29 verbose pkgid cookieUtils
30 verbose cwd E:\wodezhandian\nodejs\webstormnode\cookie
31 error Windows_NT 6.1.7601
32 error argv "d:\\Program Files\\nodejs\\node.exe" "d:\\Program Files\\nodejs\\node_modules\\npm\\bin\\npm-cli.js" "install" "cookieUtils"
33 error node v0.12.7
34 error npm  v2.11.3
35 error code E404
36 error 404 Registry returned 404 for GET on https://registry.npmjs.org/cookieUtils
36 error 404
36 error 404 'cookieUtils' is not in the npm registry.
36 error 404 Your package name is not valid, because
36 error 404
36 error 404  1. name can no longer contain capital letters
36 error 404 It was specified as a dependency of 'wodezhandian'
36 error 404
36 error 404 Note that you can also install from a
36 error 404 tarball, folder, http url, or git url.
37 verbose exit [ 1, true ]
