0 info it worked if it ends with ok
1 verbose cli [ 'node',
1 verbose cli   'c:\\Users\\qiansimin\\AppData\\Roaming\\npm\\node_modules\\cnpm\\node_modules\\npm\\bin\\npm-cli.js',
1 verbose cli   '--userconfig=C:\\Users\\qiansimin\\.cnpmrc',
1 verbose cli   '--disturl=https://npm.taobao.org/mirrors/node',
1 verbose cli   '--cache=C:\\Users\\qiansimin\\.cnpm',
1 verbose cli   '--registry=https://registry.npm.taobao.org',
1 verbose cli   '--node-gyp=c:\\Users\\qiansimin\\AppData\\Roaming\\npm\\node_modules\\cnpm\\node_modules\\pangyp\\bin\\node-gyp.js',
1 verbose cli   'install',
1 verbose cli   'boosttrap',
1 verbose cli   '--save-dev' ]
2 info using npm@2.13.5
3 info using node@v0.12.7
4 verbose install initial load of e:\wodezhandian\nodejs\quick\homeexpress\blog\package.json
5 verbose installManyTop reading scoped package data from e:\wodezhandian\nodejs\quick\homeexpress\blog\node_modules\ejs\package.json
6 verbose installManyTop reading scoped package data from e:\wodezhandian\nodejs\quick\homeexpress\blog\node_modules\express\package.json
7 verbose readDependencies loading dependencies from e:\wodezhandian\nodejs\quick\homeexpress\blog\package.json
8 silly cache add args [ 'boosttrap', null ]
9 verbose cache add spec boosttrap
10 silly cache add parsed spec { raw: 'boosttrap',
10 silly cache add   scope: null,
10 silly cache add   name: 'boosttrap',
10 silly cache add   rawSpec: '',
10 silly cache add   spec: '*',
10 silly cache add   type: 'range' }
11 silly addNamed boosttrap@*
12 verbose addNamed "*" is a valid semver range for boosttrap
13 silly addNameRange { name: 'boosttrap', range: '*', hasData: false }
14 silly mapToRegistry name boosttrap
15 silly mapToRegistry using default registry
16 silly mapToRegistry registry https://registry.npm.taobao.org/
17 silly mapToRegistry uri https://registry.npm.taobao.org/boosttrap
18 verbose addNameRange registry:https://registry.npm.taobao.org/boosttrap not in flight; fetching
19 verbose request uri https://registry.npm.taobao.org/boosttrap
20 verbose request no auth needed
21 info attempt registry request try #1 at 20:08:14
22 verbose request id a35fa4ccd58fbfb9
23 http request GET https://registry.npm.taobao.org/boosttrap
24 http 404 https://registry.npm.taobao.org/boosttrap
25 verbose headers { 'content-type': 'application/json',
25 verbose headers   'cache-control': 'max-age=0',
25 verbose headers   'content-length': '2',
25 verbose headers   'accept-ranges': 'bytes',
25 verbose headers   date: 'Sun, 13 Sep 2015 12:08:15 GMT',
25 verbose headers   via: '1.1 varnish',
25 verbose headers   age: '0',
25 verbose headers   connection: 'close',
25 verbose headers   'x-served-by': 'cache-nrt6129-NRT',
25 verbose headers   'x-cache': 'MISS',
25 verbose headers   'x-cache-hits': '0',
25 verbose headers   'x-timer': 'S1442146095.208553,VS0,VE135' }
26 silly get cb [ 404,
26 silly get   { 'content-type': 'application/json',
26 silly get     'cache-control': 'max-age=0',
26 silly get     'content-length': '2',
26 silly get     'accept-ranges': 'bytes',
26 silly get     date: 'Sun, 13 Sep 2015 12:08:15 GMT',
26 silly get     via: '1.1 varnish',
26 silly get     age: '0',
26 silly get     connection: 'close',
26 silly get     'x-served-by': 'cache-nrt6129-NRT',
26 silly get     'x-cache': 'MISS',
26 silly get     'x-cache-hits': '0',
26 silly get     'x-timer': 'S1442146095.208553,VS0,VE135' } ]
27 verbose stack Error: Registry returned 404 for GET on https://registry.npm.taobao.org/boosttrap
27 verbose stack     at CachingRegistryClient.<anonymous> (c:\Users\qiansimin\AppData\Roaming\npm\node_modules\cnpm\node_modules\npm\node_modules\npm-registry-client\lib\request.js:239:14)
27 verbose stack     at Request._callback (c:\Users\qiansimin\AppData\Roaming\npm\node_modules\cnpm\node_modules\npm\node_modules\npm-registry-client\lib\request.js:170:14)
27 verbose stack     at Request.self.callback (c:\Users\qiansimin\AppData\Roaming\npm\node_modules\cnpm\node_modules\npm\node_modules\request\request.js:198:22)
27 verbose stack     at Request.emit (events.js:110:17)
27 verbose stack     at Request.<anonymous> (c:\Users\qiansimin\AppData\Roaming\npm\node_modules\cnpm\node_modules\npm\node_modules\request\request.js:1057:14)
27 verbose stack     at Request.emit (events.js:129:20)
27 verbose stack     at IncomingMessage.<anonymous> (c:\Users\qiansimin\AppData\Roaming\npm\node_modules\cnpm\node_modules\npm\node_modules\request\request.js:1003:12)
27 verbose stack     at IncomingMessage.emit (events.js:129:20)
27 verbose stack     at _stream_readable.js:908:16
27 verbose stack     at process._tickCallback (node.js:355:11)
28 verbose statusCode 404
29 verbose pkgid boosttrap
30 verbose cwd e:\wodezhandian\nodejs\quick\homeexpress\blog
31 error Windows_NT 6.3.9600
32 error argv "node" "c:\\Users\\qiansimin\\AppData\\Roaming\\npm\\node_modules\\cnpm\\node_modules\\npm\\bin\\npm-cli.js" "--userconfig=C:\\Users\\qiansimin\\.cnpmrc" "--disturl=https://npm.taobao.org/mirrors/node" "--cache=C:\\Users\\qiansimin\\.cnpm" "--registry=https://registry.npm.taobao.org" "--node-gyp=c:\\Users\\qiansimin\\AppData\\Roaming\\npm\\node_modules\\cnpm\\node_modules\\pangyp\\bin\\node-gyp.js" "install" "boosttrap" "--save-dev"
33 error node v0.12.7
34 error npm  v2.13.5
35 error code E404
36 error 404 Registry returned 404 for GET on https://registry.npm.taobao.org/boosttrap
36 error 404
36 error 404 'boosttrap' is not in the npm registry.
36 error 404 You should bug the author to publish it (or use the name yourself!)
36 error 404 It was specified as a dependency of 'application-name'
36 error 404
36 error 404 Note that you can also install from a
36 error 404 tarball, folder, http url, or git url.
37 verbose exit [ 1, true ]
